#-----------------------------------------------------------
# Webtalk v2018.3 (64-bit)
# SW Build 2405991 on Thu Dec  6 23:38:27 MST 2018
# 
# Start of session at: Sun Nov  3 19:32:20 2024
# Process ID: 15956
# Current directory: D:/VivadoProject/OV5640_TFT/OV5640_TFT.sdk/webtalk
# Command line: wbtcv.exe -mode batch -source sdk_webtalk.tcl
# Log file: D:/VivadoProject/OV5640_TFT/OV5640_TFT.sdk/webtalk/webtalk.log
# Journal file: D:/VivadoProject/OV5640_TFT/OV5640_TFT.sdk/webtalk\webtalk.jou
#-----------------------------------------------------------
source sdk_webtalk.tcl
# webtalk_init -webtalk_dir D:\\VivadoProject\\OV5640_TFT\\OV5640_TFT.sdk\\webtalk
# webtalk_register_client -client project
# webtalk_add_data -client project -key date_generated -value "2024-11-03 19:32:18" -context "software_version_and_target_device"
# webtalk_add_data -client project -key product_version -value "SDK v2018.3" -context "software_version_and_target_device"
# webtalk_add_data -client project -key build_version -value "2018.3" -context "software_version_and_target_device"
# webtalk_add_data -client project -key os_platform -value "amd64" -context "software_version_and_target_device"
# webtalk_add_data -client project -key registration_id -value "" -context "software_version_and_target_device"
# webtalk_add_data -client project -key tool_flow -value "SDK" -context "software_version_and_target_device"
# webtalk_add_data -client project -key beta -value "false" -context "software_version_and_target_device"
# webtalk_add_data -client project -key route_design -value "NA" -context "software_version_and_target_device"
# webtalk_add_data -client project -key target_family -value "NA" -context "software_version_and_target_device"
# webtalk_add_data -client project -key target_device -value "NA" -context "software_version_and_target_device"
# webtalk_add_data -client project -key target_package -value "NA" -context "software_version_and_target_device"
# webtalk_add_data -client project -key target_speed -value "NA" -context "software_version_and_target_device"
# webtalk_add_data -client project -key random_id -value "lltir28594i0qa1fu8nbc53pfs" -context "software_version_and_target_device"
# webtalk_add_data -client project -key project_id -value "2018.3_29" -context "software_version_and_target_device"
# webtalk_add_data -client project -key project_iteration -value "29" -context "software_version_and_target_device"
# webtalk_add_data -client project -key os_name -value "Microsoft Windows 8 or later , 64-bit" -context "user_environment"
# webtalk_add_data -client project -key os_release -value "major release  (build 9200)" -context "user_environment"
# webtalk_add_data -client project -key cpu_name -value "AMD Ryzen 7 5700U with Radeon Graphics         " -context "user_environment"
# webtalk_add_data -client project -key cpu_speed -value "1797 MHz" -context "user_environment"
# webtalk_add_data -client project -key total_processors -value "1" -context "user_environment"
# webtalk_add_data -client project -key system_ram -value "14.887 GB" -context "user_environment"
# webtalk_register_client -client sdk
# webtalk_add_data -client sdk -key uid -value "1730624358843" -context "sdk\\\\bsp/1730624358843"
# webtalk_add_data -client sdk -key hwid -value "1730349646511" -context "sdk\\\\bsp/1730624358843"
# webtalk_add_data -client sdk -key os -value "standalone" -context "sdk\\\\bsp/1730624358843"
# webtalk_add_data -client sdk -key apptemplate -value "hello_world" -context "sdk\\\\bsp/1730624358843"
# webtalk_add_data -client sdk -key RecordType -value "BSPCreation" -context "sdk\\\\bsp/1730624358843"
# webtalk_add_data -client sdk -key uid -value "1730624366597" -context "sdk\\\\application/1730624366597"
# webtalk_add_data -client sdk -key hwid -value "1730349646511" -context "sdk\\\\application/1730624366597"
# webtalk_add_data -client sdk -key bspid -value "1730624358843" -context "sdk\\\\application/1730624366597"
# webtalk_add_data -client sdk -key newbsp -value "true" -context "sdk\\\\application/1730624366597"
# webtalk_add_data -client sdk -key os -value "standalone" -context "sdk\\\\application/1730624366597"
# webtalk_add_data -client sdk -key apptemplate -value "hello_world" -context "sdk\\\\application/1730624366597"
# webtalk_add_data -client sdk -key RecordType -value "APPCreation" -context "sdk\\\\application/1730624366597"
# webtalk_add_data -client sdk -key LangUsed -value "C" -context "sdk\\\\application/1730624366597"
# webtalk_add_data -client sdk -key Procused -value "ps7_cortexa9" -context "sdk\\\\application/1730624366597"
# webtalk_add_data -client sdk -key uid -value "1730624496585" -context "sdk\\\\application/1730624496585"
# webtalk_add_data -client sdk -key hwid -value "1730349646511" -context "sdk\\\\application/1730624496585"
# webtalk_add_data -client sdk -key bspid -value "1730528051579" -context "sdk\\\\application/1730624496585"
# webtalk_add_data -client sdk -key newbsp -value "false" -context "sdk\\\\application/1730624496585"
# webtalk_add_data -client sdk -key os -value "standalone" -context "sdk\\\\application/1730624496585"
# webtalk_add_data -client sdk -key apptemplate -value "zynq_fsbl" -context "sdk\\\\application/1730624496585"
# webtalk_add_data -client sdk -key RecordType -value "APPCreation" -context "sdk\\\\application/1730624496585"
# webtalk_add_data -client sdk -key LangUsed -value "C" -context "sdk\\\\application/1730624496585"
# webtalk_add_data -client sdk -key Procused -value "ps7_cortexa9" -context "sdk\\\\application/1730624496585"
# webtalk_add_data -client sdk -key projSize -value "678.79296875" -context "sdk\\\\application/1730624496585"
# webtalk_add_data -client sdk -key uid -value "NA" -context "sdk\\\\bsp/1730633538966"
# webtalk_add_data -client sdk -key RecordType -value "ToolUsage" -context "sdk\\\\bsp/1730633538966"
# webtalk_add_data -client sdk -key BootgenCount -value "1" -context "sdk\\\\bsp/1730633538966"
# webtalk_add_data -client sdk -key DebugCount -value "0" -context "sdk\\\\bsp/1730633538966"
# webtalk_add_data -client sdk -key PerfCount -value "0" -context "sdk\\\\bsp/1730633538966"
# webtalk_add_data -client sdk -key FlashCount -value "1" -context "sdk\\\\bsp/1730633538966"
# webtalk_add_data -client sdk -key CrossTriggCount -value "0" -context "sdk\\\\bsp/1730633538966"
# webtalk_add_data -client sdk -key QemuDebugCount -value "0" -context "sdk\\\\bsp/1730633538966"
# webtalk_transmit -clientid 4105396613 -regid "" -xml D:\\VivadoProject\\OV5640_TFT\\OV5640_TFT.sdk\\webtalk\\usage_statistics_ext_sdk.xml -html D:\\VivadoProject\\OV5640_TFT\\OV5640_TFT.sdk\\webtalk\\usage_statistics_ext_sdk.html -wdm D:\\VivadoProject\\OV5640_TFT\\OV5640_TFT.sdk\\webtalk\\sdk_webtalk.wdm -intro "<H3>SDK Usage Report</H3><BR>"
# webtalk_terminate
INFO: [Common 17-206] Exiting Webtalk at Sun Nov  3 19:32:25 2024...
